[0802/215246.918:ERROR:mf_helpers.cc(14)] Error in dxva_video_decode_accelerator_win.cc on line 542
[0802/215348.603:ERROR:mf_helpers.cc(14)] Error in dxva_video_decode_accelerator_win.cc on line 542
[0802/215630.642:ERROR:mf_helpers.cc(14)] Error in dxva_video_decode_accelerator_win.cc on line 542
[0802/215758.985:ERROR:mf_helpers.cc(14)] Error in dxva_video_decode_accelerator_win.cc on line 542
[0802/215938.108:ERROR:mf_helpers.cc(14)] Error in dxva_video_decode_accelerator_win.cc on line 542
[0802/215953.136:WARNING:spdy_session.cc(2921)] Received HEADERS for invalid stream 23
[0802/215953.136:WARNING:spdy_session.cc(2921)] Received HEADERS for invalid stream 25
[0802/215953.861:WARNING:spdy_session.cc(2921)] Received HEADERS for invalid stream 29
[0802/220244.875:ERROR:mf_helpers.cc(14)] Error in dxva_video_decode_accelerator_win.cc on line 542
[0802/221559.109:ERROR:mf_helpers.cc(14)] Error in dxva_video_decode_accelerator_win.cc on line 542
[0802/221733.911:ERROR:mf_helpers.cc(14)] Error in dxva_video_decode_accelerator_win.cc on line 542
[0802/221836.439:INFO:CONSOLE(3)] "CMP Error: Error retrieving GDPR consent from GUCE", source: https://consent.cmp.oath.com/version/2.7.2/cmp.js (3)
[0802/221842.005:INFO:CONSOLE(3)] "DARLA notice: 405", source: https://s.yimg.com/rq/darla/3-4-0/js/g-r-min.js (3)
[0802/221845.892:INFO:CONSOLE(21)] "darla csc writer, potential invalid html content", source: https://s.yimg.com/rq/darla/3-4-0/html/r-csc.html (21)
[0802/221848.568:INFO:CONSOLE(14)] "yui: NOT loaded: highlander-vertical-video", source: https://s.yimg.com/zz/combo?yui:/3.18.0/yui/yui-min.js (14)
[0802/221848.569:INFO:CONSOLE(14)] "yui: NOT loaded: highlander-client-templates-viewer-controls-atomic", source: https://s.yimg.com/zz/combo?yui:/3.18.0/yui/yui-min.js (14)
[0802/221849.680:INFO:CONSOLE(14)] "yui: NOT loaded: highlander-vertical-video", source: https://s.yimg.com/zz/combo?yui:/3.18.0/yui/yui-min.js (14)
[0802/221849.681:INFO:CONSOLE(14)] "yui: NOT loaded: highlander-vertical-video", source: https://s.yimg.com/zz/combo?yui:/3.18.0/yui/yui-min.js (14)
[0802/221849.686:INFO:CONSOLE(14)] "yui: NOT loaded: highlander-client-templates-viewer-controls-atomic", source: https://s.yimg.com/zz/combo?yui:/3.18.0/yui/yui-min.js (14)
[0802/221849.686:INFO:CONSOLE(14)] "yui: NOT loaded: highlander-client-templates-viewer-controls-atomic", source: https://s.yimg.com/zz/combo?yui:/3.18.0/yui/yui-min.js (14)
[0802/221849.686:INFO:CONSOLE(14)] "yui: NOT loaded: highlander-vertical-video", source: https://s.yimg.com/zz/combo?yui:/3.18.0/yui/yui-min.js (14)
[0802/221856.386:INFO:CONSOLE(14)] "yui: NOT loaded: td-applet-storyswarm-atomic-templates-list.tumblr", source: https://s.yimg.com/zz/combo?yui:/3.18.0/yui/yui-min.js (14)
[0802/221856.674:INFO:CONSOLE(14)] "yui: NOT loaded: td-applet-storyswarm-atomic-templates-list.tumblr", source: https://s.yimg.com/zz/combo?yui:/3.18.0/yui/yui-min.js (14)
[0802/221900.196:WARNING:render_frame_host_impl.cc(2751)] OnDidStopLoading was called twice.
[0802/221900.295:INFO:CONSOLE(12)] "Emily:", source: https://eus.rubiconproject.com/usync.html?&geo=au&co=in (12)
[0802/221900.303:INFO:CONSOLE(12)] "Emily:", source: https://eus.rubiconproject.com/usync.html?&geo=au&co=in (12)
[0802/221900.310:INFO:CONSOLE(12)] "Emily:", source: https://eus.rubiconproject.com/usync.html?&geo=au&co=in (12)
[0802/221900.318:INFO:CONSOLE(12)] "Emily:", source: https://eus.rubiconproject.com/usync.html?&geo=au&co=in (12)
[0802/221900.325:INFO:CONSOLE(12)] "Emily:", source: https://eus.rubiconproject.com/usync.html?&geo=au&co=in (12)
[0802/221900.843:INFO:CONSOLE(12)] "Emily:", source: https://eus.rubiconproject.com/usync.html?&geo=au&co=in (12)
[0802/221900.878:INFO:CONSOLE(12)] "Emily:", source: https://eus.rubiconproject.com/usync.html?&geo=au&co=in (12)
[0802/221900.886:INFO:CONSOLE(12)] "Emily:", source: https://eus.rubiconproject.com/usync.html?&geo=au&co=in (12)
[0802/221902.224:WARNING:render_frame_host_impl.cc(2751)] OnDidStopLoading was called twice.
[0802/221903.052:WARNING:render_frame_host_impl.cc(2751)] OnDidStopLoading was called twice.
[0802/221903.117:WARNING:render_frame_host_impl.cc(2751)] OnDidStopLoading was called twice.
[0804/185633.723:ERROR:mf_helpers.cc(14)] Error in dxva_video_decode_accelerator_win.cc on line 542
[0804/191120.356:ERROR:mf_helpers.cc(14)] Error in dxva_video_decode_accelerator_win.cc on line 542
[0804/191315.625:ERROR:mf_helpers.cc(14)] Error in dxva_video_decode_accelerator_win.cc on line 542
[0804/191427.672:ERROR:mf_helpers.cc(14)] Error in dxva_video_decode_accelerator_win.cc on line 542
[0804/191903.701:ERROR:mf_helpers.cc(14)] Error in dxva_video_decode_accelerator_win.cc on line 542
[0804/192522.573:ERROR:mf_helpers.cc(14)] Error in dxva_video_decode_accelerator_win.cc on line 542
[0804/194206.953:ERROR:mf_helpers.cc(14)] Error in dxva_video_decode_accelerator_win.cc on line 542
[0804/194939.692:ERROR:mf_helpers.cc(14)] Error in dxva_video_decode_accelerator_win.cc on line 542
[0804/195258.461:ERROR:mf_helpers.cc(14)] Error in dxva_video_decode_accelerator_win.cc on line 542
[0804/195642.256:INFO:CONSOLE(0)] "
%cStop!", source:  (0)
[0804/195642.256:INFO:CONSOLE(0)] "
%cThis is a browser feature intended for developers. If someone told you to copy and paste something here to enable a Facebook feature or "hack" someone's account, it is a scam and will give them access to your Facebook account.", source:  (0)
[0804/195642.257:INFO:CONSOLE(0)] "
%cSee https://www.facebook.com/selfxss for more information.", source:  (0)
[0804/195642.257:INFO:CONSOLE(0)] "
%c", source:  (0)
[0804/195839.142:ERROR:mf_helpers.cc(14)] Error in dxva_video_decode_accelerator_win.cc on line 542
[0804/200039.353:ERROR:ssl_client_socket_impl.cc(1147)] handshake failed; returned -1, SSL error code 1, net_error -103
[0804/200402.758:ERROR:ssl_client_socket_impl.cc(1147)] handshake failed; returned -1, SSL error code 1, net_error -100
[0804/200454.203:ERROR:mf_helpers.cc(14)] Error in dxva_video_decode_accelerator_win.cc on line 542
[0804/210042.589:ERROR:mf_helpers.cc(14)] Error in dxva_video_decode_accelerator_win.cc on line 542
[0804/210049.499:WARNING:backend_impl.cc(1615)] Messed up entry found.
[0804/210049.499:WARNING:backend_impl.cc(1823)] Destroying invalid entry.
[0804/212055.479:ERROR:mf_helpers.cc(14)] Error in dxva_video_decode_accelerator_win.cc on line 542
[0804/212328.208:ERROR:mf_helpers.cc(14)] Error in dxva_video_decode_accelerator_win.cc on line 542
[0804/212515.896:ERROR:mf_helpers.cc(14)] Error in dxva_video_decode_accelerator_win.cc on line 542
[0804/212720.020:ERROR:mf_helpers.cc(14)] Error in dxva_video_decode_accelerator_win.cc on line 542
[0804/213256.167:ERROR:mf_helpers.cc(14)] Error in dxva_video_decode_accelerator_win.cc on line 542
[0804/213628.369:ERROR:mf_helpers.cc(14)] Error in dxva_video_decode_accelerator_win.cc on line 542
[0811/200612.912:ERROR:mf_helpers.cc(14)] Error in dxva_video_decode_accelerator_win.cc on line 542
[0811/200614.286:WARNING:spdy_session.cc(2921)] Received HEADERS for invalid stream 11
[0811/200927.636:ERROR:mf_helpers.cc(14)] Error in dxva_video_decode_accelerator_win.cc on line 542
[0811/201137.474:ERROR:mf_helpers.cc(14)] Error in dxva_video_decode_accelerator_win.cc on line 542
[0814/234828.310:ERROR:mf_helpers.cc(14)] Error in dxva_video_decode_accelerator_win.cc on line 542
[0815/001004.939:ERROR:mf_helpers.cc(14)] Error in dxva_video_decode_accelerator_win.cc on line 542
[0815/013610.929:ERROR:browser_gpu_channel_host_factory.cc(120)] Failed to launch GPU process.
[0815/014704.949:ERROR:browser_gpu_channel_host_factory.cc(120)] Failed to launch GPU process.
[0815/031109.593:ERROR:mf_helpers.cc(14)] Error in dxva_video_decode_accelerator_win.cc on line 542
[0815/031503.688:ERROR:browser_gpu_channel_host_factory.cc(120)] Failed to launch GPU process.
[0815/031727.079:ERROR:mf_helpers.cc(14)] Error in dxva_video_decode_accelerator_win.cc on line 542
[0815/032026.583:ERROR:browser_gpu_channel_host_factory.cc(120)] Failed to launch GPU process.
[0815/032423.043:ERROR:browser_gpu_channel_host_factory.cc(120)] Failed to launch GPU process.
[0815/032636.668:ERROR:mf_helpers.cc(14)] Error in dxva_video_decode_accelerator_win.cc on line 542
[0815/124423.041:ERROR:mf_helpers.cc(14)] Error in dxva_video_decode_accelerator_win.cc on line 542
[0815/125522.560:ERROR:mf_helpers.cc(14)] Error in dxva_video_decode_accelerator_win.cc on line 542
[0815/125913.544:ERROR:mf_helpers.cc(14)] Error in dxva_video_decode_accelerator_win.cc on line 542
[0815/135016.305:ERROR:mf_helpers.cc(14)] Error in dxva_video_decode_accelerator_win.cc on line 542
[0815/135330.263:ERROR:mf_helpers.cc(14)] Error in dxva_video_decode_accelerator_win.cc on line 542
[0815/135510.168:ERROR:mf_helpers.cc(14)] Error in dxva_video_decode_accelerator_win.cc on line 542
[0815/140131.982:ERROR:mf_helpers.cc(14)] Error in dxva_video_decode_accelerator_win.cc on line 542
[0815/141009.982:ERROR:mf_helpers.cc(14)] Error in dxva_video_decode_accelerator_win.cc on line 542
[0815/141831.054:ERROR:mf_helpers.cc(14)] Error in dxva_video_decode_accelerator_win.cc on line 542
[0815/142104.276:ERROR:mf_helpers.cc(14)] Error in dxva_video_decode_accelerator_win.cc on line 542
[0815/145004.563:ERROR:mf_helpers.cc(14)] Error in dxva_video_decode_accelerator_win.cc on line 542
[0815/145152.520:ERROR:mf_helpers.cc(14)] Error in dxva_video_decode_accelerator_win.cc on line 542
[0818/235803.978:INFO:child_thread_impl.cc(797)] ChildThreadImpl::EnsureConnected()
[0818/235826.237:ERROR:mf_helpers.cc(14)] Error in dxva_video_decode_accelerator_win.cc on line 542
[0819/000209.457:ERROR:mf_helpers.cc(14)] Error in dxva_video_decode_accelerator_win.cc on line 542
[0819/000403.818:ERROR:mf_helpers.cc(14)] Error in dxva_video_decode_accelerator_win.cc on line 542
[0819/000816.793:ERROR:mf_helpers.cc(14)] Error in dxva_video_decode_accelerator_win.cc on line 542
[0819/002131.592:ERROR:mf_helpers.cc(14)] Error in dxva_video_decode_accelerator_win.cc on line 542
[0819/003246.565:ERROR:mf_helpers.cc(14)] Error in dxva_video_decode_accelerator_win.cc on line 542
[0819/003445.594:ERROR:mf_helpers.cc(14)] Error in dxva_video_decode_accelerator_win.cc on line 542
[0819/003835.156:ERROR:mf_helpers.cc(14)] Error in dxva_video_decode_accelerator_win.cc on line 542
[0819/004011.933:ERROR:mf_helpers.cc(14)] Error in dxva_video_decode_accelerator_win.cc on line 542
[0819/004258.755:ERROR:mf_helpers.cc(14)] Error in dxva_video_decode_accelerator_win.cc on line 542
[0819/004525.608:ERROR:mf_helpers.cc(14)] Error in dxva_video_decode_accelerator_win.cc on line 542
[0819/005020.935:ERROR:mf_helpers.cc(14)] Error in dxva_video_decode_accelerator_win.cc on line 542
[0819/005342.242:ERROR:mf_helpers.cc(14)] Error in dxva_video_decode_accelerator_win.cc on line 542
[0819/005802.523:ERROR:mf_helpers.cc(14)] Error in dxva_video_decode_accelerator_win.cc on line 542
[0819/015154.788:ERROR:mf_helpers.cc(14)] Error in dxva_video_decode_accelerator_win.cc on line 542
[0819/015800.128:ERROR:mf_helpers.cc(14)] Error in dxva_video_decode_accelerator_win.cc on line 542
[1014/165602.027:ERROR:mf_helpers.cc(14)] Error in dxva_video_decode_accelerator_win.cc on line 542
[1014/170157.463:ERROR:mf_helpers.cc(14)] Error in dxva_video_decode_accelerator_win.cc on line 542
[1014/171014.299:ERROR:mf_helpers.cc(14)] Error in dxva_video_decode_accelerator_win.cc on line 542
[1014/171018.018:WARNING:backend_impl.cc(1823)] Destroying invalid entry.
[1014/171518.271:ERROR:mf_helpers.cc(14)] Error in dxva_video_decode_accelerator_win.cc on line 542
[1014/172057.625:ERROR:mf_helpers.cc(14)] Error in dxva_video_decode_accelerator_win.cc on line 542
[1014/172313.548:ERROR:mf_helpers.cc(14)] Error in dxva_video_decode_accelerator_win.cc on line 542
[1014/173513.434:ERROR:mf_helpers.cc(14)] Error in dxva_video_decode_accelerator_win.cc on line 542
[1014/173905.527:ERROR:mf_helpers.cc(14)] Error in dxva_video_decode_accelerator_win.cc on line 542
[1014/174208.103:ERROR:mf_helpers.cc(14)] Error in dxva_video_decode_accelerator_win.cc on line 542
[1014/174322.964:ERROR:mf_helpers.cc(14)] Error in dxva_video_decode_accelerator_win.cc on line 542
[1014/174506.218:ERROR:mf_helpers.cc(14)] Error in dxva_video_decode_accelerator_win.cc on line 542
[1014/174933.278:ERROR:mf_helpers.cc(14)] Error in dxva_video_decode_accelerator_win.cc on line 542
[1014/180505.669:ERROR:mf_helpers.cc(14)] Error in dxva_video_decode_accelerator_win.cc on line 542
[1014/180721.919:ERROR:mf_helpers.cc(14)] Error in dxva_video_decode_accelerator_win.cc on line 542
[1014/181531.136:ERROR:mf_helpers.cc(14)] Error in dxva_video_decode_accelerator_win.cc on line 542
[1014/182220.088:ERROR:mf_helpers.cc(14)] Error in dxva_video_decode_accelerator_win.cc on line 542
[1014/182800.766:ERROR:mf_helpers.cc(14)] Error in dxva_video_decode_accelerator_win.cc on line 542
[1014/183001.670:ERROR:mf_helpers.cc(14)] Error in dxva_video_decode_accelerator_win.cc on line 542
[1014/183038.318:ERROR:mf_helpers.cc(14)] Error in dxva_video_decode_accelerator_win.cc on line 542
[1014/184339.478:ERROR:mf_helpers.cc(14)] Error in dxva_video_decode_accelerator_win.cc on line 542
[1014/184515.333:ERROR:mf_helpers.cc(14)] Error in dxva_video_decode_accelerator_win.cc on line 542
[1014/184814.027:ERROR:mf_helpers.cc(14)] Error in dxva_video_decode_accelerator_win.cc on line 542
[1014/185255.550:ERROR:mf_helpers.cc(14)] Error in dxva_video_decode_accelerator_win.cc on line 542
[1014/185435.107:ERROR:mf_helpers.cc(14)] Error in dxva_video_decode_accelerator_win.cc on line 542
[1014/190143.555:ERROR:mf_helpers.cc(14)] Error in dxva_video_decode_accelerator_win.cc on line 542
[1014/190950.011:ERROR:mf_helpers.cc(14)] Error in dxva_video_decode_accelerator_win.cc on line 542
[1018/231936.609:ERROR:mf_helpers.cc(14)] Error in dxva_video_decode_accelerator_win.cc on line 542
[1018/235439.853:ERROR:mf_helpers.cc(14)] Error in dxva_video_decode_accelerator_win.cc on line 542
[1018/235521.097:ERROR:mf_helpers.cc(14)] Error in dxva_video_decode_accelerator_win.cc on line 542
[1018/235843.929:ERROR:mf_helpers.cc(14)] Error in dxva_video_decode_accelerator_win.cc on line 542
[1019/000011.091:ERROR:mf_helpers.cc(14)] Error in dxva_video_decode_accelerator_win.cc on line 542
[1019/000031.157:WARNING:backend_impl.cc(1615)] Messed up entry found.
[1019/000031.157:WARNING:backend_impl.cc(1823)] Destroying invalid entry.
[1019/000835.914:ERROR:mf_helpers.cc(14)] Error in dxva_video_decode_accelerator_win.cc on line 542
[1019/001119.630:ERROR:mf_helpers.cc(14)] Error in dxva_video_decode_accelerator_win.cc on line 542
[1019/001125.997:WARNING:backend_impl.cc(1615)] Messed up entry found.
[1019/001125.997:WARNING:backend_impl.cc(1823)] Destroying invalid entry.
[1019/001952.550:ERROR:mf_helpers.cc(14)] Error in dxva_video_decode_accelerator_win.cc on line 542
[1019/002010.733:WARNING:backend_impl.cc(1823)] Destroying invalid entry.
[1019/002220.771:ERROR:mf_helpers.cc(14)] Error in dxva_video_decode_accelerator_win.cc on line 542
[1019/002807.021:ERROR:mf_helpers.cc(14)] Error in dxva_video_decode_accelerator_win.cc on line 542
[1019/004155.534:ERROR:mf_helpers.cc(14)] Error in dxva_video_decode_accelerator_win.cc on line 542
[1019/004311.555:ERROR:mf_helpers.cc(14)] Error in dxva_video_decode_accelerator_win.cc on line 542
[1019/004816.952:ERROR:mf_helpers.cc(14)] Error in dxva_video_decode_accelerator_win.cc on line 542
[1019/005223.844:ERROR:mf_helpers.cc(14)] Error in dxva_video_decode_accelerator_win.cc on line 542
[1020/175846.246:ERROR:mf_helpers.cc(14)] Error in dxva_video_decode_accelerator_win.cc on line 542
[1020/183237.976:ERROR:mf_helpers.cc(14)] Error in dxva_video_decode_accelerator_win.cc on line 542
[1020/183550.448:ERROR:mf_helpers.cc(14)] Error in dxva_video_decode_accelerator_win.cc on line 542
[1020/185154.272:ERROR:mf_helpers.cc(14)] Error in dxva_video_decode_accelerator_win.cc on line 542
[1020/185333.744:ERROR:mf_helpers.cc(14)] Error in dxva_video_decode_accelerator_win.cc on line 542
[1020/185816.477:ERROR:mf_helpers.cc(14)] Error in dxva_video_decode_accelerator_win.cc on line 542
[1020/190336.805:ERROR:mf_helpers.cc(14)] Error in dxva_video_decode_accelerator_win.cc on line 542
[1020/192141.514:ERROR:mf_helpers.cc(14)] Error in dxva_video_decode_accelerator_win.cc on line 542
[1020/192542.890:ERROR:mf_helpers.cc(14)] Error in dxva_video_decode_accelerator_win.cc on line 542
[1020/192937.927:ERROR:mf_helpers.cc(14)] Error in dxva_video_decode_accelerator_win.cc on line 542
[1020/193418.041:ERROR:mf_helpers.cc(14)] Error in dxva_video_decode_accelerator_win.cc on line 542
[1020/194341.544:ERROR:mf_helpers.cc(14)] Error in dxva_video_decode_accelerator_win.cc on line 542
[1020/194529.771:ERROR:mf_helpers.cc(14)] Error in dxva_video_decode_accelerator_win.cc on line 542
[1020/194929.319:ERROR:mf_helpers.cc(14)] Error in dxva_video_decode_accelerator_win.cc on line 542
[1020/202732.761:ERROR:mf_helpers.cc(14)] Error in dxva_video_decode_accelerator_win.cc on line 542
[1103/181501.749:ERROR:mf_helpers.cc(14)] Error in dxva_video_decode_accelerator_win.cc on line 542
[1103/202338.812:ERROR:mf_helpers.cc(14)] Error in dxva_video_decode_accelerator_win.cc on line 542
[1103/202700.425:ERROR:mf_helpers.cc(14)] Error in dxva_video_decode_accelerator_win.cc on line 542
[1103/203716.884:ERROR:mf_helpers.cc(14)] Error in dxva_video_decode_accelerator_win.cc on line 542
[1103/204528.357:ERROR:mf_helpers.cc(14)] Error in dxva_video_decode_accelerator_win.cc on line 542
[1103/214556.489:ERROR:mf_helpers.cc(14)] Error in dxva_video_decode_accelerator_win.cc on line 542
[1103/215916.960:ERROR:mf_helpers.cc(14)] Error in dxva_video_decode_accelerator_win.cc on line 542
[1103/220458.898:ERROR:mf_helpers.cc(14)] Error in dxva_video_decode_accelerator_win.cc on line 542
[1103/222758.853:ERROR:mf_helpers.cc(14)] Error in dxva_video_decode_accelerator_win.cc on line 542
[1103/230601.879:ERROR:mf_helpers.cc(14)] Error in dxva_video_decode_accelerator_win.cc on line 542
[1103/231353.356:ERROR:mf_helpers.cc(14)] Error in dxva_video_decode_accelerator_win.cc on line 542
[1104/001902.662:ERROR:mf_helpers.cc(14)] Error in dxva_video_decode_accelerator_win.cc on line 542
